[debug] [2023-11-17T15:27:35.353Z] ----------------------------------------------------------------------
[debug] [2023-11-17T15:27:35.356Z] Command:       C:\Program Files\nodejs\node.exe C:\Program Files\nodejs\node_modules\firebase-tools\lib\bin\firebase.js init
[debug] [2023-11-17T15:27:35.356Z] CLI Version:   12.9.1
[debug] [2023-11-17T15:27:35.356Z] Platform:      win32
[debug] [2023-11-17T15:27:35.357Z] Node Version:  v16.18.0
[debug] [2023-11-17T15:27:35.358Z] Time:          Fri Nov 17 2023 12:27:35 GMT-0300 (Horário Padrão de Brasília)
[debug] [2023-11-17T15:27:35.358Z] ----------------------------------------------------------------------
[debug] 
[debug] [2023-11-17T15:27:35.444Z] > command requires scopes: ["email","openid","https://www.googleapis.com/auth/cloudplatformprojects.readonly","https://www.googleapis.com/auth/firebase","https://www.googleapis.com/auth/cloud-platform"]
[debug] [2023-11-17T15:27:35.445Z] > authorizing via signed-in user (wzentil@gmail.com)
[info] 
     ######## #### ########  ######## ########     ###     ######  ########
     ##        ##  ##     ## ##       ##     ##  ##   ##  ##       ##
     ######    ##  ########  ######   ########  #########  ######  ######
     ##        ##  ##    ##  ##       ##     ## ##     ##       ## ##
     ##       #### ##     ## ######## ########  ##     ##  ######  ########

You're about to initialize a Firebase project in this directory:

  C:\Users\wzent

Before we get started, keep in mind:

  * You are initializing within an existing Firebase project directory

[info] 
=== Project Setup
[info] 
[info] First, let's associate this project directory with a Firebase project.
[info] You can create multiple project aliases by running firebase use --add, 
[info] but for now we'll just set up a default project.
[info] 
[debug] [2023-11-17T15:27:51.561Z] Using project from CLI flag: willianzentil-c6979
[debug] [2023-11-17T15:27:51.564Z] >>> [apiv2][query] GET https://firebase.googleapis.com/v1beta1/projects/willianzentil-c6979 [none]
[debug] [2023-11-17T15:27:52.139Z] <<< [apiv2][status] GET https://firebase.googleapis.com/v1beta1/projects/willianzentil-c6979 200
[debug] [2023-11-17T15:27:52.140Z] <<< [apiv2][body] GET https://firebase.googleapis.com/v1beta1/projects/willianzentil-c6979 {"projectId":"willianzentil-c6979","projectNumber":"296170824802","displayName":"WILLIANZENTIL","name":"projects/willianzentil-c6979","resources":{"hostingSite":"willianzentil-c6979"},"state":"ACTIVE","etag":"1_0a6152dc-42be-4f92-9a90-fe12b04df2b0"}
[info] i  Using project willianzentil-c6979 (WILLIANZENTIL) 
[info] 
=== Database Setup
[info] i  database: ensuring required API firebasedatabase.googleapis.com is enabled... 
[debug] [2023-11-17T15:27:52.146Z] >>> [apiv2][query] GET https://serviceusage.googleapis.com/v1/projects/willianzentil-c6979/services/firebasedatabase.googleapis.com [none]
[debug] [2023-11-17T15:27:52.146Z] >>> [apiv2][(partial)header] GET https://serviceusage.googleapis.com/v1/projects/willianzentil-c6979/services/firebasedatabase.googleapis.com x-goog-quota-user=projects/willianzentil-c6979
[debug] [2023-11-17T15:27:53.319Z] <<< [apiv2][status] GET https://serviceusage.googleapis.com/v1/projects/willianzentil-c6979/services/firebasedatabase.googleapis.com 200
[debug] [2023-11-17T15:27:53.319Z] <<< [apiv2][body] GET https://serviceusage.googleapis.com/v1/projects/willianzentil-c6979/services/firebasedatabase.googleapis.com [omitted]
[warn] !  database: missing required API firebasedatabase.googleapis.com. Enabling now... 
[debug] [2023-11-17T15:27:53.321Z] >>> [apiv2][query] POST https://serviceusage.googleapis.com/v1/projects/willianzentil-c6979/services/firebasedatabase.googleapis.com:enable [none]
[debug] [2023-11-17T15:27:53.321Z] >>> [apiv2][(partial)header] POST https://serviceusage.googleapis.com/v1/projects/willianzentil-c6979/services/firebasedatabase.googleapis.com:enable x-goog-quota-user=projects/willianzentil-c6979
[debug] [2023-11-17T15:27:55.137Z] <<< [apiv2][status] POST https://serviceusage.googleapis.com/v1/projects/willianzentil-c6979/services/firebasedatabase.googleapis.com:enable 200
[debug] [2023-11-17T15:27:55.137Z] <<< [apiv2][body] POST https://serviceusage.googleapis.com/v1/projects/willianzentil-c6979/services/firebasedatabase.googleapis.com:enable [omitted]
[debug] [2023-11-17T15:28:05.148Z] >>> [apiv2][query] GET https://serviceusage.googleapis.com/v1/projects/willianzentil-c6979/services/firebasedatabase.googleapis.com [none]
[debug] [2023-11-17T15:28:05.148Z] >>> [apiv2][(partial)header] GET https://serviceusage.googleapis.com/v1/projects/willianzentil-c6979/services/firebasedatabase.googleapis.com x-goog-quota-user=projects/willianzentil-c6979
[debug] [2023-11-17T15:28:06.253Z] <<< [apiv2][status] GET https://serviceusage.googleapis.com/v1/projects/willianzentil-c6979/services/firebasedatabase.googleapis.com 200
[debug] [2023-11-17T15:28:06.253Z] <<< [apiv2][body] GET https://serviceusage.googleapis.com/v1/projects/willianzentil-c6979/services/firebasedatabase.googleapis.com [omitted]
[info] +  database: required API firebasedatabase.googleapis.com is enabled 
[info] 
[debug] [2023-11-17T15:28:06.256Z] >>> [apiv2][query] GET https://firebase.googleapis.com/v1beta1/projects/willianzentil-c6979 [none]
[debug] [2023-11-17T15:28:06.713Z] <<< [apiv2][status] GET https://firebase.googleapis.com/v1beta1/projects/willianzentil-c6979 200
[debug] [2023-11-17T15:28:06.713Z] <<< [apiv2][body] GET https://firebase.googleapis.com/v1beta1/projects/willianzentil-c6979 {"projectId":"willianzentil-c6979","projectNumber":"296170824802","displayName":"WILLIANZENTIL","name":"projects/willianzentil-c6979","resources":{"hostingSite":"willianzentil-c6979"},"state":"ACTIVE","etag":"1_0a6152dc-42be-4f92-9a90-fe12b04df2b0"}
[info] 
[info] Firebase Realtime Database Security Rules allow you to define how your data should be
[info] structured and when your data can be read from and written to.
[info] 
[debug] [2023-11-17T15:30:37.082Z] ----------------------------------------------------------------------
[debug] [2023-11-17T15:30:37.085Z] Command:       C:\Program Files\nodejs\node.exe C:\Program Files\nodejs\node_modules\firebase-tools\lib\bin\firebase.js init
[debug] [2023-11-17T15:30:37.085Z] CLI Version:   12.9.1
[debug] [2023-11-17T15:30:37.086Z] Platform:      win32
[debug] [2023-11-17T15:30:37.086Z] Node Version:  v16.18.0
[debug] [2023-11-17T15:30:37.087Z] Time:          Fri Nov 17 2023 12:30:37 GMT-0300 (Horário Padrão de Brasília)
[debug] [2023-11-17T15:30:37.088Z] ----------------------------------------------------------------------
[debug] 
[debug] [2023-11-17T15:30:37.181Z] > command requires scopes: ["email","openid","https://www.googleapis.com/auth/cloudplatformprojects.readonly","https://www.googleapis.com/auth/firebase","https://www.googleapis.com/auth/cloud-platform"]
[debug] [2023-11-17T15:30:37.182Z] > authorizing via signed-in user (wzentil@gmail.com)
[info] 
     ######## #### ########  ######## ########     ###     ######  ########
     ##        ##  ##     ## ##       ##     ##  ##   ##  ##       ##
     ######    ##  ########  ######   ########  #########  ######  ######
     ##        ##  ##    ##  ##       ##     ## ##     ##       ## ##
     ##       #### ##     ## ######## ########  ##     ##  ######  ########

You're about to initialize a Firebase project in this directory:

  C:\Users\wzent

Before we get started, keep in mind:

  * You are initializing within an existing Firebase project directory

